<?xml version="1.0" encoding="UTF-8"?>
<!-- Generated by org.testng.reporters.JUnitXMLReporter -->
<testsuite hostname="CIT-DT-025" name="ieTest" tests="3" failures="0" timestamp="17 Aug 2017 05:56:45 GMT" time="20.609" errors="0">
  <testcase name="@BeforeTest setup" time="0.0" classname="com.CrossoverTechTrial.Businessscripts.CrossoverTechCreateNewPostTestcases">
    <failure type="org.openqa.selenium.NoSuchElementException" message="Unable to find element with xpath == .//*[@class =&amp;apos;email ember-view gh-input&amp;apos;] (WARNING: The server did not provide any stacktrace information)
Command duration or timeout: 15.15 seconds
For documentation on this error, please visit: http://seleniumhq.org/exceptions/no_such_element.html
Build info: version: &amp;apos;2.53.0&amp;apos;, revision: &amp;apos;35ae25b&amp;apos;, time: &amp;apos;2016-03-15 17:00:58&amp;apos;
System info: host: &amp;apos;CIT-DT-025&amp;apos;, ip: &amp;apos;10.91.90.213&amp;apos;, os.name: &amp;apos;Windows 10&amp;apos;, os.arch: &amp;apos;amd64&amp;apos;, os.version: &amp;apos;10.0&amp;apos;, java.version: &amp;apos;1.8.0_131&amp;apos;
Driver info: org.openqa.selenium.ie.InternetExplorerDriver
Capabilities [{se:ieOptions={browserAttachTimeout=0, ie.enableFullPageScreenshot=true, enablePersistentHover=true, ie.forceCreateProcessApi=false, ie.forceShellWindowsApi=false, ignoreZoomSetting=false, ie.fileUploadDialogTimeout=3000, ie.useLegacyFileUploadDialogHandling=false, nativeEvents=true, ie.ensureCleanSession=false, elementScrollBehavior=0, ie.browserCommandLineSwitches=, requireWindowFocus=false, initialBrowserUrl=http://localhost:19580/, ignoreProtectedModeSettings=false, enableElementCacheCleanup=true}, browserName=internet explorer, pageLoadStrategy=normal, javascriptEnabled=true, version=11, platform=WINDOWS, unexpectedAlertBehaviour=dismiss}]
Session ID: 66c7d646-c1da-4610-8857-39227376b8e6
*** Element info: {Using=xpath, value=.//*[@class =&amp;apos;email ember-view gh-input&amp;apos;]}">
      <![CDATA[org.openqa.selenium.NoSuchElementException: Unable to find element with xpath == .//*[@class ='email ember-view gh-input'] (WARNING: The server did not provide any stacktrace information)
Command duration or timeout: 15.15 seconds
For documentation on this error, please visit: http://seleniumhq.org/exceptions/no_such_element.html
Build info: version: '2.53.0', revision: '35ae25b', time: '2016-03-15 17:00:58'
System info: host: 'CIT-DT-025', ip: '10.91.90.213', os.name: 'Windows 10', os.arch: 'amd64', os.version: '10.0', java.version: '1.8.0_131'
Driver info: org.openqa.selenium.ie.InternetExplorerDriver
Capabilities [{se:ieOptions={browserAttachTimeout=0, ie.enableFullPageScreenshot=true, enablePersistentHover=true, ie.forceCreateProcessApi=false, ie.forceShellWindowsApi=false, ignoreZoomSetting=false, ie.fileUploadDialogTimeout=3000, ie.useLegacyFileUploadDialogHandling=false, nativeEvents=true, ie.ensureCleanSession=false, elementScrollBehavior=0, ie.browserCommandLineSwitches=, requireWindowFocus=false, initialBrowserUrl=http://localhost:19580/, ignoreProtectedModeSettings=false, enableElementCacheCleanup=true}, browserName=internet explorer, pageLoadStrategy=normal, javascriptEnabled=true, version=11, platform=WINDOWS, unexpectedAlertBehaviour=dismiss}]
Session ID: 66c7d646-c1da-4610-8857-39227376b8e6
*** Element info: {Using=xpath, value=.//*[@class ='email ember-view gh-input']}
	at org.openqa.selenium.remote.ErrorHandler.createThrowable(ErrorHandler.java:206)
	at org.openqa.selenium.remote.ErrorHandler.throwIfResponseFailed(ErrorHandler.java:158)
	at org.openqa.selenium.remote.RemoteWebDriver.execute(RemoteWebDriver.java:678)
	at org.openqa.selenium.remote.RemoteWebDriver.findElement(RemoteWebDriver.java:363)
	at org.openqa.selenium.remote.RemoteWebDriver.findElementByXPath(RemoteWebDriver.java:500)
	at org.openqa.selenium.By$ByXPath.findElement(By.java:361)
	at org.openqa.selenium.remote.RemoteWebDriver.findElement(RemoteWebDriver.java:355)
	at com.CrossoverTechTrial.PageObjects.CrossoverTechTrialLoginPage.EnterEmailid(CrossoverTechTrialLoginPage.java:19)
	at com.CrossoverTechTrial.Reusables.Configurations.Configurator.setup(Configurator.java:73)
... Removed 26 stack frames]]>
    </failure>
  </testcase> <!-- @BeforeTest setup -->
  <testcase name="@AfterTest destroy" time="0.0" classname="com.CrossoverTechTrial.Businessscripts.CrossoverTechCreateNewPostTestcases">
    <skipped/>
  </testcase> <!-- @AfterTest destroy -->
  <testcase name="CreateNewPostscriptExecution" time="0.004" classname="com.CrossoverTechTrial.Businessscripts.CrossoverTechCreateNewPostTestcases">
    <skipped/>
  </testcase> <!-- CreateNewPostscriptExecution -->
  <testcase name="EditPostscriptExecution" time="0.001" classname="com.CrossoverTechTrial.Businessscripts.CrossoverTechEditPostTestcases">
    <skipped/>
  </testcase> <!-- EditPostscriptExecution -->
  <testcase name="DeletePostscriptExecution" time="0.001" classname="com.CrossoverTechTrial.Businessscripts.CrossoverTechDeleteTestcases">
    <skipped/>
  </testcase> <!-- DeletePostscriptExecution -->
</testsuite> <!-- ieTest -->
